{"/Users/snowlocked/Javascript/table-model/src/index.ts": {"path":"/Users/snowlocked/Javascript/table-model/src/index.ts","statementMap":{"0":{"start":{"line":20,"column":0},"end":{"line":20,"column":13}},"1":{"start":{"line":29,"column":4},"end":{"line":29,"column":16}},"2":{"start":{"line":24,"column":4},"end":{"line":24,"column":null}},"3":{"start":{"line":25,"column":4},"end":{"line":25,"column":null}},"4":{"start":{"line":26,"column":4},"end":{"line":26,"column":null}},"5":{"start":{"line":27,"column":4},"end":{"line":27,"column":null}},"6":{"start":{"line":28,"column":4},"end":{"line":28,"column":null}},"7":{"start":{"line":30,"column":8},"end":{"line":30,"column":null}},"8":{"start":{"line":31,"column":8},"end":{"line":31,"column":null}},"9":{"start":{"line":32,"column":8},"end":{"line":32,"column":null}},"10":{"start":{"line":33,"column":8},"end":{"line":43,"column":null}},"11":{"start":{"line":34,"column":12},"end":{"line":42,"column":null}},"12":{"start":{"line":36,"column":20},"end":{"line":39,"column":null}},"13":{"start":{"line":37,"column":24},"end":{"line":37,"column":null}},"14":{"start":{"line":38,"column":24},"end":{"line":38,"column":null}},"15":{"start":{"line":40,"column":20},"end":{"line":40,"column":null}},"16":{"start":{"line":44,"column":8},"end":{"line":54,"column":null}},"17":{"start":{"line":45,"column":12},"end":{"line":53,"column":null}},"18":{"start":{"line":47,"column":20},"end":{"line":50,"column":null}},"19":{"start":{"line":48,"column":24},"end":{"line":48,"column":null}},"20":{"start":{"line":49,"column":24},"end":{"line":49,"column":null}},"21":{"start":{"line":51,"column":20},"end":{"line":51,"column":null}},"22":{"start":{"line":55,"column":8},"end":{"line":55,"column":null}},"23":{"start":{"line":57,"column":10},"end":{"line":67,"column":null}},"24":{"start":{"line":58,"column":14},"end":{"line":58,"column":null}},"25":{"start":{"line":59,"column":8},"end":{"line":59,"column":null}},"26":{"start":{"line":61,"column":24},"end":{"line":61,"column":null}},"27":{"start":{"line":61,"column":18},"end":{"line":61,"column":null}},"28":{"start":{"line":62,"column":12},"end":{"line":62,"column":null}},"29":{"start":{"line":63,"column":12},"end":{"line":63,"column":null}},"30":{"start":{"line":65,"column":12},"end":{"line":65,"column":null}},"31":{"start":{"line":68,"column":4},"end":{"line":78,"column":null}},"32":{"start":{"line":69,"column":8},"end":{"line":77,"column":null}},"33":{"start":{"line":70,"column":12},"end":{"line":74,"column":null}},"34":{"start":{"line":71,"column":16},"end":{"line":71,"column":null}},"35":{"start":{"line":73,"column":16},"end":{"line":73,"column":null}},"36":{"start":{"line":76,"column":12},"end":{"line":76,"column":null}},"37":{"start":{"line":79,"column":0},"end":{"line":79,"column":null}},"38":{"start":{"line":20,"column":13},"end":{"line":20,"column":23}}},"fnMap":{"0":{"name":"(anonymous_13)","decl":{"start":{"line":20,"column":0},"end":{"line":20,"column":13}},"loc":{"start":{"line":20,"column":0},"end":{"line":79,"column":null}}},"1":{"name":"TableModel","decl":{"start":{"line":29,"column":4},"end":{"line":29,"column":16}},"loc":{"start":{"line":29,"column":44},"end":{"line":56,"column":5}}},"2":{"name":"(anonymous_15)","decl":{"start":{"line":35,"column":21},"end":{"line":35,"column":22}},"loc":{"start":{"line":35,"column":41},"end":{"line":41,"column":17}}},"3":{"name":"(anonymous_16)","decl":{"start":{"line":46,"column":21},"end":{"line":46,"column":22}},"loc":{"start":{"line":46,"column":41},"end":{"line":52,"column":17}}},"4":{"name":"(anonymous_17)","decl":{"start":{"line":57,"column":4},"end":{"line":57,"column":10}},"loc":{"start":{"line":57,"column":29},"end":{"line":67,"column":null}}},"5":{"name":"(anonymous_20)","decl":{"start":{"line":68,"column":4},"end":{"line":68,"column":17}},"loc":{"start":{"line":68,"column":29},"end":{"line":78,"column":5}}}},"branchMap":{"0":{"loc":{"start":{"line":30,"column":46},"end":{"line":30,"column":60}},"type":"cond-expr","locations":[{"start":{"line":30,"column":46},"end":{"line":30,"column":60}},{"start":{"line":30,"column":63},"end":{"line":30,"column":67}}]},"1":{"loc":{"start":{"line":31,"column":43},"end":{"line":31,"column":55}},"type":"cond-expr","locations":[{"start":{"line":31,"column":43},"end":{"line":31,"column":55}},{"start":{"line":31,"column":58},"end":{"line":31,"column":62}}]},"2":{"loc":{"start":{"line":33,"column":8},"end":{"line":43,"column":null}},"type":"if","locations":[{"start":{"line":33,"column":8},"end":{"line":43,"column":null}},{"start":{"line":33,"column":8},"end":{"line":43,"column":null}}]},"3":{"loc":{"start":{"line":34,"column":40},"end":{"line":34,"column":55}},"type":"binary-expr","locations":[{"start":{"line":34,"column":40},"end":{"line":34,"column":55}},{"start":{"line":34,"column":59},"end":{"line":34,"column":74}}]},"4":{"loc":{"start":{"line":36,"column":20},"end":{"line":39,"column":null}},"type":"if","locations":[{"start":{"line":36,"column":20},"end":{"line":39,"column":null}},{"start":{"line":36,"column":20},"end":{"line":39,"column":null}}]},"5":{"loc":{"start":{"line":44,"column":8},"end":{"line":54,"column":null}},"type":"if","locations":[{"start":{"line":44,"column":8},"end":{"line":54,"column":null}},{"start":{"line":44,"column":8},"end":{"line":54,"column":null}}]},"6":{"loc":{"start":{"line":45,"column":38},"end":{"line":45,"column":51}},"type":"binary-expr","locations":[{"start":{"line":45,"column":38},"end":{"line":45,"column":51}},{"start":{"line":45,"column":55},"end":{"line":45,"column":68}}]},"7":{"loc":{"start":{"line":47,"column":20},"end":{"line":50,"column":null}},"type":"if","locations":[{"start":{"line":47,"column":20},"end":{"line":50,"column":null}},{"start":{"line":47,"column":20},"end":{"line":50,"column":null}}]},"8":{"loc":{"start":{"line":47,"column":24},"end":{"line":47,"column":38}},"type":"binary-expr","locations":[{"start":{"line":47,"column":24},"end":{"line":47,"column":38}},{"start":{"line":47,"column":42},"end":{"line":47,"column":64}}]},"9":{"loc":{"start":{"line":69,"column":8},"end":{"line":77,"column":null}},"type":"if","locations":[{"start":{"line":69,"column":8},"end":{"line":77,"column":null}},{"start":{"line":69,"column":8},"end":{"line":77,"column":null}}]},"10":{"loc":{"start":{"line":70,"column":12},"end":{"line":74,"column":null}},"type":"if","locations":[{"start":{"line":70,"column":12},"end":{"line":74,"column":null}},{"start":{"line":70,"column":12},"end":{"line":74,"column":null}}]},"11":{"loc":{"start":{"line":71,"column":56},"end":{"line":71,"column":60}},"type":"binary-expr","locations":[{"start":{"line":71,"column":56},"end":{"line":71,"column":60}},{"start":{"line":71,"column":64},"end":{"line":71,"column":79}}]},"12":{"loc":{"start":{"line":73,"column":23},"end":{"line":73,"column":27}},"type":"binary-expr","locations":[{"start":{"line":73,"column":23},"end":{"line":73,"column":27}},{"start":{"line":73,"column":31},"end":{"line":73,"column":46}}]}},"s":{"0":1,"1":1,"2":1,"3":1,"4":1,"5":1,"6":1,"7":1,"8":1,"9":1,"10":1,"11":1,"12":0,"13":0,"14":0,"15":0,"16":1,"17":1,"18":1,"19":1,"20":1,"21":1,"22":1,"23":1,"24":2,"25":2,"26":2,"27":2,"28":2,"29":2,"30":2,"31":1,"32":2,"33":2,"34":2,"35":0,"36":0,"37":1,"38":1},"f":{"0":1,"1":1,"2":0,"3":1,"4":2,"5":2},"b":{"0":[0,1],"1":[0,1],"2":[1,0],"3":[1,1],"4":[0,0],"5":[1,0],"6":[1,0],"7":[1,0],"8":[1,1],"9":[2,0],"10":[2,0],"11":[2,2],"12":[0,0]}}
}
