TN:
SF:src/index.ts
FN:20,(anonymous_13)
FN:29,TableModel
FN:35,(anonymous_15)
FN:46,(anonymous_16)
FN:57,(anonymous_17)
FN:68,(anonymous_20)
FNF:6
FNH:5
FNDA:1,(anonymous_13)
FNDA:1,TableModel
FNDA:0,(anonymous_15)
FNDA:1,(anonymous_16)
FNDA:2,(anonymous_17)
FNDA:2,(anonymous_20)
DA:20,1
DA:24,1
DA:25,1
DA:26,1
DA:27,1
DA:28,1
DA:29,1
DA:30,1
DA:31,1
DA:32,1
DA:33,1
DA:34,1
DA:36,0
DA:37,0
DA:38,0
DA:40,0
DA:44,1
DA:45,1
DA:47,1
DA:48,1
DA:49,1
DA:51,1
DA:55,1
DA:57,1
DA:58,2
DA:59,2
DA:61,2
DA:62,2
DA:63,2
DA:65,2
DA:68,1
DA:69,2
DA:70,2
DA:71,2
DA:73,0
DA:76,0
DA:79,1
LF:37
LH:31
BRDA:30,0,0,0
BRDA:30,0,1,1
BRDA:31,1,0,0
BRDA:31,1,1,1
BRDA:33,2,0,1
BRDA:33,2,1,0
BRDA:34,3,0,1
BRDA:34,3,1,1
BRDA:36,4,0,0
BRDA:36,4,1,0
BRDA:44,5,0,1
BRDA:44,5,1,0
BRDA:45,6,0,1
BRDA:45,6,1,0
BRDA:47,7,0,1
BRDA:47,7,1,0
BRDA:47,8,0,1
BRDA:47,8,1,1
BRDA:69,9,0,2
BRDA:69,9,1,0
BRDA:70,10,0,2
BRDA:70,10,1,0
BRDA:71,11,0,2
BRDA:71,11,1,2
BRDA:73,12,0,0
BRDA:73,12,1,0
BRF:26
BRH:14
end_of_record
